android/release/mapping.txt
# compiler: R8
# compiler_version: 9.4.14
# min_api: 21
# common_typos_disable
# {"id":"com.android.tools.r8.mapping","version":"2.2"}
# pg_map_id: 61ea6bd48d963386d937eb3671d87c811c07a353d74bbf43ea9b292e71af31d3
# pg_map_hash: SHA-256 61ea6bd48d963386d937eb3671d87c811c07a353d74bbf43ea9b292e71af31d3
com.mygame.Main -> l6:
# {"id":"sourceFile","fileName":"Main.java"}
    com.badlogic.gdx.graphics.glutils.ShapeRenderer shapeRenderer -> a
      # {"id":"com.android.tools.r8.residualsignature","signature":"Loa;"}
    com.mygame.game.GameInitializer gameInitializer -> b
      # {"id":"com.android.tools.r8.residualsignature","signature":"Lk4;"}
    3:4:void renderGame(float):57:57 -> a
    3:4:void Main.renderGame(float):0 -> a
      # {"id":"com.android.tools.r8.synthesized"}
    5:6:com.mygame.game.GameContext com.mygame.game.GameInitializer.getContext():199:199 -> a
    5:6:void renderGame(float):57 -> a
      # {"id":"com.android.tools.r8.rewriteFrame","conditions":["throws(Ljava/lang/NullPointerException;)"],"actions":["removeInnerFrames(1)"]}
    5:6:void Main.renderGame(float):0 -> a
    7:10:com.mygame.game.GameContext com.mygame.managers.ManagerRegistry.getContext():43:43 -> a
    7:10:com.mygame.game.GameContext com.mygame.game.GameInitializer.getContext():199 -> a
      # {"id":"com.android.tools.r8.rewriteFrame","conditions":["throws(Ljava/lang/NullPointerException;)"],"actions":["removeInnerFrames(1)"]}
    7:10:void renderGame(float):57 -> a
    7:10:void Main.renderGame(float):0 -> a
    11:18:void renderGame(float):58:58 -> a
    11:18:void Main.renderGame(float):0 -> a
    19:22:com.mygame.world.World com.mygame.world.WorldManager.getCurrentWorld():27:27 -> a
    19:22:void renderGame(float):58 -> a
com.mygame.Main$StartMode -> l6$a:
# {"id":"sourceFile","fileName":"Main.java"}
    com.mygame.Main$StartMode NORMAL -> a
      # {"id":"com.android.tools.r8.residualsignature","signature":"Ll6$a;"}
    com.mygame.Main$StartMode NO_LOAD -> b
      # {"id":"com.android.tools.r8.residualsignature","signature":"Ll6$a;"}
    com.mygame.Main$StartMode[] $VALUES -> c
      # {"id":"com.android.tools.r8.residualsignature","signature":"[Ll6$a;"}
    1:2:void <clinit>():21:21 -> <clinit>
    3:8:void <init>(java.lang.String,int):20:20 -> <clinit>
    3:8:void <clinit>():21 -> <clinit>
    9:10:void <clinit>():21:21 -> <clinit>
    11:12:void <clinit>():22:22 -> <clinit>
    13:18:void <init>(java.lang.String,int):20:20 -> <clinit>
    13:18:void <clinit>():22 -> <clinit>
    19:21:void <clinit>():22:22 -> <clinit>
    22:27:com.mygame.Main$StartMode[] $values():20:20 -> <clinit>
    22:27:void <clinit>():20 -> <clinit>
    28:30:void <clinit>():20:20 -> <clinit>
    void <init>(java.lang.String,int) -> <init>
      # {"id":"com.android.tools.r8.residualsignature","signature":"()V"}
    1:9:com.mygame.Main$StartMode valueOf(java.lang.String):20:20 -> valueOf
      # {"id":"com.android.tools.r8.residualsignature","signature":"(Ljava/lang/String;)Ll6$a;"}
    1:9:com.mygame.Main$StartMode[] values():20:20 -> values
      # {"id":"com.android.tools.r8.residualsignature","signature":"()[Ll6$a;"}
...
com.badlogic.gdx.graphics.g2d.GlyphLayout$GlyphRun -> com.badlogic.gdx.graphics.g2d.b$a:
# {"id":"sourceFile","fileName":"GlyphLayout.java"}
    com.badlogic.gdx.utils.Array glyphs -> a
      # {"id":"com.android.tools.r8.residualsignature","signature":"Lh0;"}
    com.badlogic.gdx.utils.FloatArray xAdvances -> b
      # {"id":"com.android.tools.r8.residualsignature","signature":"Lc4;"}
    float x -> c
    float y -> d
    float width -> e
    1:3:void <init>():527:527 -> <init>
    4:10:void <init>():528:528 -> <init>
    11:18:void <init>():534:534 -> <init>
    1:5:void reset():546:546 -> reset
    6:8:void reset():547:547 -> reset
    9:11:void com.badlogic.gdx.utils.FloatArray.clear():300:300 -> reset
    9:11:void reset():547 -> reset
      # {"id":"com.android.tools.r8.rewriteFrame","conditions":["throws(Ljava/lang/NullPointerException;)"],"actions":["removeInnerFrames(1)"]}
    1:11:java.lang.String toString():551:551 -> toString
    12:13:java.lang.String toString():552:552 -> toString
    14:18:java.lang.String toString():553:553 -> toString
    19:24:java.lang.String toString():554:554 -> toString
    25:33:java.lang.String toString():555:555 -> toString
    34:38:java.lang.String toString():557:557 -> toString
    39:43:java.lang.String toString():558:558 -> toString
    44:46:java.lang.String toString():559:559 -> toString
    47:51:java.lang.String toString():560:560 -> toString
    52:54:java.lang.String toString():561:561 -> toString
com.badlogic.gdx.graphics.g2d.NinePatch -> k7:
# {"id":"sourceFile","fileName":"NinePatch.java"}
    com.badlogic.gdx.graphics.Texture texture -> a
      # {"id":"com.android.tools.r8.residualsignature","signature":"Lcb;"}
    int bottomLeft -> b
    int bottomCenter -> c
    int bottomRight -> d
    int middleLeft -> e
    int middleCenter -> f
    int middleRight -> g
    int topLeft -> h
    int topCenter -> i
    int topRight -> j
    float leftWidth -> k
    float rightWidth -> l
    float middleWidth -> m
    float middleHeight -> n
    float topHeight -> o
    float bottomHeight -> p
    float[] vertices -> q
    int idx -> r
    com.badlogic.gdx.graphics.Color color -> s
    float padLeft -> t
    float padRight -> u
    float padTop -> v
    float padBottom -> w
    com.badlogic.gdx.graphics.Color tmpDrawColor -> x
    1:8:void <clinit>():45:45 -> <clinit>
    5:9:void <init>(com.badlogic.gdx.graphics.g2d.TextureRegion,int,int,int,int):73:73 -> <init>
      # {"id":"com.android.tools.r8.residualsignature","signature":"(Lcom/badlogic/gdx/graphics/g2d/e$a;IIII)V"}
    10:13:void <init>(com.badlogic.gdx.graphics.g2d.TextureRegion,int,int,int,int):52:52 -> <init>
    14:24:void <init>(com.badlogic.gdx.graphics.g2d.TextureRegion,int,int,int,int):54:54 -> <init>
    25:32:void <init>(com.badlogic.gdx.graphics.g2d.TextureRegion,int,int,int,int):55:55 -> <init>
    33:38:int com.badlogic.gdx.graphics.g2d.TextureRegion.getRegionWidth():185:185 -> <init>